  BmpFileReader.cpp
  Compressor.cpp
c:\users\leedw\source\repos\graphicproject\graphicproject\compressor.cpp(5): warning C4018: '>=': signed/unsigned mismatch
c:\users\leedw\source\repos\graphicproject\graphicproject\compressor.cpp(27): warning C4018: '<': signed/unsigned mismatch
c:\users\leedw\source\repos\graphicproject\graphicproject\compressor.cpp(47): warning C4018: '<': signed/unsigned mismatch
c:\users\leedw\source\repos\graphicproject\graphicproject\compressor.cpp(48): warning C4018: '<': signed/unsigned mismatch
  Constants.cpp
  Converter.cpp
c:\users\leedw\source\repos\graphicproject\graphicproject\converter.cpp(38): warning C4018: '<': signed/unsigned mismatch
c:\users\leedw\source\repos\graphicproject\graphicproject\converter.cpp(41): warning C4018: '<': signed/unsigned mismatch
c:\users\leedw\source\repos\graphicproject\graphicproject\converter.cpp(42): warning C4018: '<': signed/unsigned mismatch
  Header.cpp
  Image.cpp
c:\users\leedw\source\repos\graphicproject\graphicproject\image.cpp(19): warning C4018: '<': signed/unsigned mismatch
c:\users\leedw\source\repos\graphicproject\graphicproject\image.cpp(20): warning C4018: '<': signed/unsigned mismatch
  Ox.cpp
  Source.cpp
  SurfaceHandler.cpp
  Utilities.cpp
  Generating Code...
  GraphicProject.vcxproj -> C:\Users\leedw\source\repos\GraphicProjectTest\Debug\GraphicProject.exe
